<?xml version="1.0" encoding="UTF-8"?>
<robot generator="Robot 7.1 (Python 3.12.6 on win32)" generated="2024-10-02T14:43:04.115616" rpa="false" schemaversion="5">
<suite id="s1" name="CN06-Cadastros" source="c:\Users\silva\Documents\Isolar\Isolar\Isolar\TestCases\CN06-Cadastros.robot">
<test id="s1-t1" name="CT 06.04.02 - Validar funcionalidade &quot;inserir&quot; no menu Cadastros &gt; Tipo de Financiamento" line="241">
<kw name="Dado que acesse a Isolar e logue no sistema" owner="Setup_Teardown" type="SETUP">
<kw name="Abrir navegador" owner="Setup_Teardown">
<kw name="Open Browser" owner="SeleniumLibrary">
<msg time="2024-10-02T14:43:06.306418" level="INFO">Opening browser 'chrome' to base url 'https://teste.grupoiso.com.br/'.</msg>
<arg>${url}</arg>
<arg>${BROWSER}</arg>
<doc>Opens a new browser instance to the optional ``url``.</doc>
<status status="PASS" start="2024-10-02T14:43:06.303427" elapsed="5.045330"/>
</kw>
<kw name="Set Window Size" owner="SeleniumLibrary">
<arg>1920</arg>
<arg>1080</arg>
<doc>Sets current windows size to given ``width`` and ``height``.</doc>
<status status="PASS" start="2024-10-02T14:43:11.348757" elapsed="0.467020"/>
</kw>
<kw name="Wait Until Element Is Visible" owner="SeleniumLibrary">
<arg>${LOGO}</arg>
<doc>Waits until the element ``locator`` is visible.</doc>
<status status="PASS" start="2024-10-02T14:43:11.816824" elapsed="0.675916"/>
</kw>
<arg>${URLISO}</arg>
<status status="PASS" start="2024-10-02T14:43:06.301434" elapsed="6.192348"/>
</kw>
<kw name="Fazer login" owner="Main">
<kw name="Wait Until Element Is Visible" owner="SeleniumLibrary">
<arg>//input[@id='email']</arg>
<doc>Waits until the element ``locator`` is visible.</doc>
<status status="PASS" start="2024-10-02T14:43:12.494964" elapsed="0.086228"/>
</kw>
<kw name="Input Text" owner="SeleniumLibrary">
<msg time="2024-10-02T14:43:12.582705" level="INFO">Typing text 'qa@grupoiso.com.br' into text field '//input[@id='email']'.</msg>
<arg>//input[@id='email']</arg>
<arg>${usuario}</arg>
<doc>Types the given ``text`` into the text field identified by ``locator``.</doc>
<status status="PASS" start="2024-10-02T14:43:12.582705" elapsed="0.503176"/>
</kw>
<kw name="Input Text" owner="SeleniumLibrary">
<msg time="2024-10-02T14:43:13.086878" level="INFO">Typing text '24455090' into text field '//input[@id='senha']'.</msg>
<arg>//input[@id='senha']</arg>
<arg>${senha}</arg>
<doc>Types the given ``text`` into the text field identified by ``locator``.</doc>
<status status="PASS" start="2024-10-02T14:43:13.085881" elapsed="0.267913"/>
</kw>
<kw name="Click Element" owner="SeleniumLibrary">
<msg time="2024-10-02T14:43:13.356028" level="INFO">Clicking element '//button[contains(.,'Entrar')]'.</msg>
<arg>//button[contains(.,'Entrar')]</arg>
<doc>Click the element identified by ``locator``.</doc>
<status status="PASS" start="2024-10-02T14:43:13.353794" elapsed="0.113537"/>
</kw>
<arg>${EmailAdmin}</arg>
<arg>${SenhaAdmin}</arg>
<status status="PASS" start="2024-10-02T14:43:12.493782" elapsed="0.973549"/>
</kw>
<kw name="Sleep" owner="BuiltIn">
<msg time="2024-10-02T14:43:16.468895" level="INFO">Slept 3 seconds.</msg>
<arg>3s</arg>
<doc>Pauses the test executed for the given time.</doc>
<status status="PASS" start="2024-10-02T14:43:13.467331" elapsed="3.005595"/>
</kw>
<kw name="Reload Page" owner="SeleniumLibrary">
<doc>Simulates user reloading page.</doc>
<status status="PASS" start="2024-10-02T14:43:16.473921" elapsed="0.538980"/>
</kw>
<status status="PASS" start="2024-10-02T14:43:06.300436" elapsed="10.712465"/>
</kw>
<kw name="Dado que clico no menu &quot;Cadastros &gt; Tipo de Financiamento&quot;" owner="06-Cadastros">
<kw name="Wait Until Element Is Visible" owner="SeleniumLibrary">
<arg>${MENU_CADASTROS}</arg>
<doc>Waits until the element ``locator`` is visible.</doc>
<status status="PASS" start="2024-10-02T14:43:17.029110" elapsed="0.748425"/>
</kw>
<kw name="Click Element" owner="SeleniumLibrary">
<msg time="2024-10-02T14:43:17.778540" level="INFO">Clicking element '//p[contains(.,'Cadastros')]'.</msg>
<arg>${MENU_CADASTROS}</arg>
<doc>Click the element identified by ``locator``.</doc>
<status status="PASS" start="2024-10-02T14:43:17.778540" elapsed="0.284308"/>
</kw>
<kw name="Sleep" owner="BuiltIn">
<msg time="2024-10-02T14:43:20.064286" level="INFO">Slept 2 seconds.</msg>
<arg>2s</arg>
<doc>Pauses the test executed for the given time.</doc>
<status status="PASS" start="2024-10-02T14:43:18.063846" elapsed="2.000440"/>
</kw>
<kw name="Click Element" owner="SeleniumLibrary">
<msg time="2024-10-02T14:43:20.066232" level="INFO">Clicking element '//a[contains(.,'Tipo de Financiamento')]'.</msg>
<arg>${Menu_Tipo_de_Financiamento}</arg>
<doc>Click the element identified by ``locator``.</doc>
<status status="PASS" start="2024-10-02T14:43:20.065226" elapsed="0.210905"/>
</kw>
<status status="PASS" start="2024-10-02T14:43:17.028107" elapsed="3.249033"/>
</kw>
<kw name="Quando clico no botão &quot;Inserir&quot;" owner="06-Cadastros">
<kw name="Sleep" owner="BuiltIn">
<msg time="2024-10-02T14:43:23.280144" level="INFO">Slept 3 seconds.</msg>
<arg>3s</arg>
<doc>Pauses the test executed for the given time.</doc>
<status status="PASS" start="2024-10-02T14:43:20.279656" elapsed="3.000488"/>
</kw>
<kw name="Click Element" owner="SeleniumLibrary">
<msg time="2024-10-02T14:43:23.282161" level="INFO">Clicking element '//button[contains(.,'Inserir')]'.</msg>
<arg>//button[contains(.,'Inserir')]</arg>
<doc>Click the element identified by ``locator``.</doc>
<status status="PASS" start="2024-10-02T14:43:23.281158" elapsed="0.191787"/>
</kw>
<status status="PASS" start="2024-10-02T14:43:20.278651" elapsed="3.195292"/>
</kw>
<kw name="E preencho informações de inserir novo cadastro de Tipo de Gerador" owner="06-Cadastros">
<kw name="Sleep" owner="BuiltIn">
<msg time="2024-10-02T14:43:25.480304" level="INFO">Slept 2 seconds.</msg>
<arg>2s</arg>
<doc>Pauses the test executed for the given time.</doc>
<status status="PASS" start="2024-10-02T14:43:23.479928" elapsed="2.000376"/>
</kw>
<kw name="Input Text" owner="SeleniumLibrary">
<msg time="2024-10-02T14:43:25.481646" level="INFO">Typing text 'B3 (teste)' into text field '//input[@id='descricao']'.</msg>
<arg>${input_descricao_GruposConsumidores}</arg>
<arg>${nome_pesquisa_GruposConsumidores}</arg>
<doc>Types the given ``text`` into the text field identified by ``locator``.</doc>
<status status="PASS" start="2024-10-02T14:43:25.480304" elapsed="0.261152"/>
</kw>
<status status="PASS" start="2024-10-02T14:43:23.478930" elapsed="2.263552"/>
</kw>
<kw name="E clico em &quot;Salvar&quot;" owner="06-Cadastros">
<kw name="Click Element" owner="SeleniumLibrary">
<msg time="2024-10-02T14:43:25.744613" level="INFO">Clicking element '//button[contains(.,'Salvar')]'.</msg>
<arg>${botao_salvar_CadastrosPessoas}</arg>
<doc>Click the element identified by ``locator``.</doc>
<status status="PASS" start="2024-10-02T14:43:25.744613" elapsed="0.099325"/>
</kw>
<status status="PASS" start="2024-10-02T14:43:25.743608" elapsed="0.101130"/>
</kw>
<kw name="Então sistema salva novo cadastro de pessoas" owner="06-Cadastros">
<kw name="Wait Until Page Contains" owner="SeleniumLibrary">
<arg>text=Registro adicionado com sucesso!</arg>
<doc>Waits until ``text`` appears on the current page.</doc>
<status status="PASS" start="2024-10-02T14:43:25.846750" elapsed="0.262414"/>
</kw>
<status status="PASS" start="2024-10-02T14:43:25.845746" elapsed="0.268972"/>
</kw>
<kw name="Fechar navegador" owner="Setup_Teardown" type="TEARDOWN">
<kw name="Close Browser" owner="SeleniumLibrary">
<doc>Closes the current browser.</doc>
<status status="PASS" start="2024-10-02T14:43:26.126195" elapsed="4.207585"/>
</kw>
<status status="PASS" start="2024-10-02T14:43:26.126195" elapsed="4.207585"/>
</kw>
<doc>Caso de teste valida se funcionalidade Editar no menu Cadastros &gt; Tipo de Financiamento está funcional</doc>
<tag>Cadastros</tag>
<tag>Funcional</tag>
<status status="PASS" start="2024-10-02T14:43:06.297328" elapsed="24.037451"/>
</test>
<doc>Modúlo que Gerencie informações cadastradas no sistema.</doc>
<status status="PASS" start="2024-10-02T14:43:04.124249" elapsed="26.219444"/>
</suite>
<statistics>
<total>
<stat pass="1" fail="0" skip="0">All Tests</stat>
</total>
<tag>
<stat pass="1" fail="0" skip="0">Cadastros</stat>
<stat pass="1" fail="0" skip="0">Funcional</stat>
</tag>
<suite>
<stat pass="1" fail="0" skip="0" id="s1" name="CN06-Cadastros">CN06-Cadastros</stat>
</suite>
</statistics>
<errors>
<msg time="2024-10-02T14:43:06.251547" level="WARN">Imported resource file 'c:\Users\silva\Documents\Isolar\Isolar\Isolar\Resources\Keywords\04-MiSol.robot' is empty.</msg>
<msg time="2024-10-02T14:43:06.253902" level="WARN">Imported resource file 'c:\Users\silva\Documents\Isolar\Isolar\Isolar\Resources\Keywords\05-Documentos.robot' is empty.</msg>
</errors>
</robot>
